<?xml version="1.0" encoding="UTF-8"?>
<!-- Generated by org.testng.reporters.JUnitReportReporter -->
<testsuite hostname="dattu-PC" name="com.dattu.Project.Automations.NewToures" tests="1" failures="0" timestamp="2 Aug 2018 07:53:02 GMT" time="15.267" errors="0">
  <testcase name="test" time="15.267" classname="com.dattu.Project.Automations.NewToures"/>
</testsuite> <!-- com.dattu.Project.Automations.NewToures -->
